31438467
31438467
31438467
31707317
31707317
31707317
31707317
31707317
31707317
31707317
31707317
31707317
31707317
31707317
31707317
31707317
31707317
31707317
31707317
31707317
31707317
32677962
32677962
32677962
32677962
32677962
32677962
32677962
32677962
32677962
32677962
32677962
32677962
32677962
32677962
32677893
32677893
32677893
32677893
32677893
32677893
32677893
32677893
32679329
32679329
32679329
32679329
32679329
32679329
32679329
32679329
32679329
32679329
32679329
32679329
32679329
32679329
32679329
32679321
32679321
32679321
32679321
32679321
32679321
32679321
32679321
32679321
32679321
32679321
32679321
32679321
32679321
32679288
32679288
32679288
32679288
32679288
32679288
32679288
32679288
32679288
32679288
32679288
32679288
32679288
32679288
32679288
32679288
32679288
32678943
32678943
32678943
32678943
32678943
32678943
32678943
32678943
32678943
32678943
32678943
32678943
32678943
32678943
32678943
32678943
32678019
32678019
32678019
32678019
32678019
32678019
32678019
32678019
32678019
32678019
32678019
32678019
32677610
32677610
32677610
32677610
32677610
32677610
32677610
32677610
32677610
32676763
32676763
32676763
32676763
32676763
32676763
32676763
32676763
32674349
32674349
32674349
32674349
32674349
32674349
32674349
32674349
32674349
32674349
32679131
32679131
32679131
32679131
32679131
32679131
32679131
32679131
32679131
32679131
32679131
32679131
32679131
32674273
32674273
32674273
32674273
32674273
32674273
32674273
32674273
32675392
32675392
32675392
32675392
32675392
32675392
32675392
32675392
32675392
32675392
32675392
32675392
32675392
32675392
<<<<<<< HEAD
30558666
30558666
30558666
30558666
30558666
30558666
30558666
30558666
30558666
30558666
30558666
30558666
=======
23501103
23501103
23501103
23501103
23501103
23501103
23501103
23501103
23501103
23501103
23501103
23501103
23501103
23501103
23501103
23501103
23501103
<<<<<<< HEAD
31700863
31700863
31700863
31700863
31700863
31700863
31700863
31700863
31700863
=======
>>>>>>> df074b63e6e483b44949e300f3dbeb97087f917b
<<<<<<< HEAD
29568396
29568396
29568396
29568396
29568396
29568396
29568396
29568396
29568396
29568396
28787007
28787007
28787007
28787007
28787007
28787007
28787007
28787007
28787007
28787007
28787007
28787007
28787007
=======
>>>>>>> 8837eb35e1b9ed6065bd42a571ade8321c695c23
29266188
29266188
29266188
29266188
29266188
29266188
29266188
30862342
30862342
30862342
30862342
30862342
>>>>>>> b418d8d462fe987f661961586f25cf1af05b7c00
31680851
31680851
31680851
31680851
31680851
21315419
21315419
21315419
21315419
21315419
21315419
21315419
21315419
21315419
21315419
21315419
21315419
